(1062, "Duplicate entry '3805337413' for key 'PRIMARY'")
(1062, "Duplicate entry '6117846394' for key 'PRIMARY'")
(1062, "Duplicate entry '7389159972' for key 'PRIMARY'")
(1062, "Duplicate entry '6822511572' for key 'PRIMARY'")
(1062, "Duplicate entry '3555054043' for key 'PRIMARY'")
(1062, "Duplicate entry '6573720172' for key 'PRIMARY'")
(1062, "Duplicate entry '6427289613' for key 'PRIMARY'")
(1062, "Duplicate entry '5225515933' for key 'PRIMARY'")
(1062, "Duplicate entry '5245098159' for key 'PRIMARY'")
(1062, "Duplicate entry '5225515933' for key 'PRIMARY'")
(1062, "Duplicate entry '474987748760193' for key 'PRIMARY'")
(1062, "Duplicate entry '475023060684672' for key 'PRIMARY'")
(1062, "Duplicate entry '5642670121' for key 'PRIMARY'")
(1062, "Duplicate entry '6263227192' for key 'PRIMARY'")
(1062, "Duplicate entry '5623780944' for key 'PRIMARY'")
(1062, "Duplicate entry '6308070203' for key 'PRIMARY'")
(1062, "Duplicate entry '6004052446' for key 'PRIMARY'")
(1062, "Duplicate entry '3484827853' for key 'PRIMARY'")
(1062, "Duplicate entry '6004052446' for key 'PRIMARY'")
(1062, "Duplicate entry '6308070203' for key 'PRIMARY'")
(1062, "Duplicate entry '1824652442' for key 'PRIMARY'")
(1062, "Duplicate entry '6004052446' for key 'PRIMARY'")
(1062, "Duplicate entry '5880827534' for key 'PRIMARY'")
(1062, "Duplicate entry '6308070203' for key 'PRIMARY'")
(1062, "Duplicate entry '5986379022' for key 'PRIMARY'")
(1062, "Duplicate entry '2250212804' for key 'PRIMARY'")
(1062, "Duplicate entry '1842977873' for key 'PRIMARY'")
(1062, "Duplicate entry '2467045270' for key 'PRIMARY'")
(1062, "Duplicate entry '5402668546' for key 'PRIMARY'")
(1062, "Duplicate entry '5087887846' for key 'PRIMARY'")
(1062, "Duplicate entry '2865577222' for key 'PRIMARY'")
(1062, "Duplicate entry '2118816201' for key 'PRIMARY'")
(1062, "Duplicate entry '1886724302' for key 'PRIMARY'")
(1062, "Duplicate entry '5634058878' for key 'PRIMARY'")
(1062, "Duplicate entry '3568149564' for key 'PRIMARY'")
(1062, "Duplicate entry '7074568523' for key 'PRIMARY'")
(1062, "Duplicate entry '1750973220' for key 'PRIMARY'")
(1062, "Duplicate entry '5457116390' for key 'PRIMARY'")
(1062, "Duplicate entry '1506584781' for key 'PRIMARY'")
(1062, "Duplicate entry '3478505591' for key 'PRIMARY'")
(1062, "Duplicate entry '7386048478' for key 'PRIMARY'")
(1062, "Duplicate entry '5706200129' for key 'PRIMARY'")
(1062, "Duplicate entry '7426746728' for key 'PRIMARY'")
(1062, "Duplicate entry '7426746728' for key 'PRIMARY'")
(1062, "Duplicate entry '6528397660' for key 'PRIMARY'")
(1062, "Duplicate entry '5684561592' for key 'PRIMARY'")
(1062, "Duplicate entry '7607355593' for key 'PRIMARY'")
(1062, "Duplicate entry '2973598841' for key 'PRIMARY'")
(1062, "Duplicate entry '7456685767' for key 'PRIMARY'")
(1062, "Duplicate entry '6095856289' for key 'PRIMARY'")
(1062, "Duplicate entry '2962982772' for key 'PRIMARY'")
(1062, "Duplicate entry '6095856289' for key 'PRIMARY'")
(1062, "Duplicate entry '5534299515' for key 'PRIMARY'")
(1062, "Duplicate entry '3616607713' for key 'PRIMARY'")
(1062, "Duplicate entry '1703371307' for key 'PRIMARY'")
(1062, "Duplicate entry '1703371307' for key 'PRIMARY'")
(1062, "Duplicate entry '6471386462' for key 'PRIMARY'")
(1062, "Duplicate entry '6471386462' for key 'PRIMARY'")
(1062, "Duplicate entry '6471386462' for key 'PRIMARY'")
(1062, "Duplicate entry '1772191321' for key 'PRIMARY'")
(1062, "Duplicate entry '1772191321' for key 'PRIMARY'")
(1062, "Duplicate entry '2589442615' for key 'PRIMARY'")
(1062, "Duplicate entry '6567426640' for key 'PRIMARY'")
(1062, "Duplicate entry '1772191321' for key 'PRIMARY'")
(1062, "Duplicate entry '2589442615' for key 'PRIMARY'")
(1062, "Duplicate entry '7183716041' for key 'PRIMARY'")
(1062, "Duplicate entry '2589442615' for key 'PRIMARY'")
(1062, "Duplicate entry '6866379499' for key 'PRIMARY'")
(1062, "Duplicate entry '6866379499' for key 'PRIMARY'")
(1062, "Duplicate entry '1772191321' for key 'PRIMARY'")
(1062, "Duplicate entry '7309292342' for key 'PRIMARY'")
(1062, "Duplicate entry '2335613351' for key 'PRIMARY'")
(1062, "Duplicate entry '2589442615' for key 'PRIMARY'")
(1062, "Duplicate entry '2335613351' for key 'PRIMARY'")
(1062, "Duplicate entry '2693127501' for key 'PRIMARY'")
(1062, "Duplicate entry '7425884191' for key 'PRIMARY'")
(1062, "Duplicate entry '7201025049' for key 'PRIMARY'")
(1062, "Duplicate entry '5997368073' for key 'PRIMARY'")
(1062, "Duplicate entry '2209885807' for key 'PRIMARY'")
(1062, "Duplicate entry '6088201252' for key 'PRIMARY'")
(1062, "Duplicate entry '1914146343' for key 'PRIMARY'")
(1062, "Duplicate entry '7182419091' for key 'PRIMARY'")
(1062, "Duplicate entry '5217866056' for key 'PRIMARY'")
(1062, "Duplicate entry '6609043936' for key 'PRIMARY'")
(1062, "Duplicate entry '1908318553' for key 'PRIMARY'")
(1062, "Duplicate entry '5700618162' for key 'PRIMARY'")
(1062, "Duplicate entry '6041323350' for key 'PRIMARY'")
(1062, "Duplicate entry '5700618162' for key 'PRIMARY'")
(1062, "Duplicate entry '5532932695' for key 'PRIMARY'")
(1062, "Duplicate entry '3212932283' for key 'PRIMARY'")
(1062, "Duplicate entry '1768394623' for key 'PRIMARY'")
(1062, "Duplicate entry '6041323350' for key 'PRIMARY'")
(1062, "Duplicate entry '5311970007' for key 'PRIMARY'")
(1062, "Duplicate entry '7225818738' for key 'PRIMARY'")
(1062, "Duplicate entry '7225818738' for key 'PRIMARY'")
(1062, "Duplicate entry '7225818738' for key 'PRIMARY'")
(1062, "Duplicate entry '7225818738' for key 'PRIMARY'")
(1062, "Duplicate entry '7225818738' for key 'PRIMARY'")
(1062, "Duplicate entry '7225818738' for key 'PRIMARY'")
(1062, "Duplicate entry '7225818738' for key 'PRIMARY'")
(1062, "Duplicate entry '7225818738' for key 'PRIMARY'")
(1062, "Duplicate entry '7225818738' for key 'PRIMARY'")
(1062, "Duplicate entry '7225818738' for key 'PRIMARY'")
(1062, "Duplicate entry '7225818738' for key 'PRIMARY'")
(1062, "Duplicate entry '7225818738' for key 'PRIMARY'")
(1062, "Duplicate entry '7225818738' for key 'PRIMARY'")
(1062, "Duplicate entry '7225818738' for key 'PRIMARY'")
(1062, "Duplicate entry '7225818738' for key 'PRIMARY'")
(1062, "Duplicate entry '7225818738' for key 'PRIMARY'")
(1062, "Duplicate entry '7225818738' for key 'PRIMARY'")
(1062, "Duplicate entry '7225818738' for key 'PRIMARY'")
(1062, "Duplicate entry '7225818738' for key 'PRIMARY'")
(1062, "Duplicate entry '7225818738' for key 'PRIMARY'")
(1062, "Duplicate entry '7225818738' for key 'PRIMARY'")
(1062, "Duplicate entry '7225818738' for key 'PRIMARY'")
(1062, "Duplicate entry '7225818738' for key 'PRIMARY'")
(1062, "Duplicate entry '7225818738' for key 'PRIMARY'")
无人机航拍坠机事故救援现场 754 comments finish [1 / 70], eta=8h34m37s
(1062, "Duplicate entry '475023227066987' for key 'PRIMARY'")
(1062, "Duplicate entry '475023220067552' for key 'PRIMARY'")
(1062, "Duplicate entry '475023196553543' for key 'PRIMARY'")
(1062, "Duplicate entry '475023167560119' for key 'PRIMARY'")
安徽两公务员60秒救起驾车坠湖孕妇 44 comments finish [2 / 70], eta=4h48m48s
(1062, "Duplicate entry '475023204942672' for key 'PRIMARY'")
美国政府自己辟谣自己 51 comments finish [3 / 70], eta=3h29m44s
(1062, "Duplicate entry '475023193591028' for key 'PRIMARY'")
(1062, "Duplicate entry '475022881116067' for key 'PRIMARY'")
谷爱凌晒半马成绩 39 comments finish [4 / 70], eta=2h50m24s
(1062, "Duplicate entry '475021154294328' for key 'PRIMARY'")
(1062, "Duplicate entry '475020651371034' for key 'PRIMARY'")
(1062, "Duplicate entry '475020029775406' for key 'PRIMARY'")
坠机现场卫星影像前后对比 54 comments finish [5 / 70], eta=2h31m48s
(1062, "Duplicate entry '475023087055667' for key 'PRIMARY'")
200斤大学生为当兵3个月减掉30斤 43 comments finish [6 / 70], eta=2h12m46s
(1062, "Duplicate entry '475023032556119' for key 'PRIMARY'")
普京计划参加G20峰会 56 comments finish [7 / 70], eta=2h5m35s
千万别跟爱睡觉的人做朋友 51 comments finish [8 / 70], eta=1h53m31s
